**Friday 19th of December 2014 08:12:55 AM Operador: abcd
/central/dataentry/inicio_main.php /opt/ABCD/www/htdocs/central/dataentry/wxis/login.xis IsisScript=/opt/ABCD/www/htdocs/central/dataentry/wxis/login.xis&base=acces&cipar=/opt/ABCD/www/bases-examples/par/acces.par&login=abcd&password=adm&path_db=/opt/ABCD/www/bases-examples/&cttype=s&syspar=/opt/ABCD/www/bases-examples/par/syspar.par
**Friday 19th of December 2014 08:12:55 AM Operador: abcd
/central/dataentry/inicio_base.php /opt/ABCD/www/htdocs/central/dataentry/wxis/administrar.xis IsisScript=/opt/ABCD/www/htdocs/central/dataentry/wxis/administrar.xis&base=marc&cipar=/opt/ABCD/www/bases-examples/par/marc.par&Opcion=status&path_db=/opt/ABCD/www/bases-examples/&cttype=s&syspar=/opt/ABCD/www/bases-examples/par/syspar.par
**Friday 19th of December 2014 08:30:26 AM Operador: abcd
/central/dataentry/inicio_main.php /opt/ABCD/www/htdocs/central/dataentry/wxis/login.xis IsisScript=/opt/ABCD/www/htdocs/central/dataentry/wxis/login.xis&base=acces&cipar=/opt/ABCD/www/bases-examples/par/acces.par&login=abcd&password=adm&path_db=/opt/ABCD/www/bases-examples/&cttype=s&syspar=/opt/ABCD/www/bases-examples/par/syspar.par
**Friday 19th of December 2014 08:30:26 AM Operador: abcd
/central/dataentry/inicio_base.php /opt/ABCD/www/htdocs/central/dataentry/wxis/administrar.xis IsisScript=/opt/ABCD/www/htdocs/central/dataentry/wxis/administrar.xis&base=marc&cipar=/opt/ABCD/www/bases-examples/par/marc.par&Opcion=status&path_db=/opt/ABCD/www/bases-examples/&cttype=s&syspar=/opt/ABCD/www/bases-examples/par/syspar.par
**Friday 19th of December 2014 08:30:53 AM Operador: abcd
/central/dataentry/inicio_main.php /opt/ABCD/www/htdocs/central/dataentry/wxis/login.xis IsisScript=/opt/ABCD/www/htdocs/central/dataentry/wxis/login.xis&base=acces&cipar=/opt/ABCD/www/bases-examples/par/acces.par&login=abcd&password=adm&path_db=/opt/ABCD/www/bases-examples/&cttype=s&syspar=/opt/ABCD/www/bases-examples/par/syspar.par
**Friday 19th of December 2014 08:30:54 AM Operador: abcd
/central/dataentry/inicio_base.php /opt/ABCD/www/htdocs/central/dataentry/wxis/administrar.xis IsisScript=/opt/ABCD/www/htdocs/central/dataentry/wxis/administrar.xis&base=marc&cipar=/opt/ABCD/www/bases-examples/par/marc.par&Opcion=status&path_db=/opt/ABCD/www/bases-examples/&cttype=s&syspar=/opt/ABCD/www/bases-examples/par/syspar.par
**Friday 19th of December 2014 08:32:41 AM Operador: abcd
/central/dataentry/inicio_main.php /opt/ABCD/www/htdocs/central/dataentry/wxis/login.xis IsisScript=/opt/ABCD/www/htdocs/central/dataentry/wxis/login.xis&base=acces&cipar=/opt/ABCD/www/bases-examples/par/acces.par&login=abcd&password=adm&path_db=/opt/ABCD/www/bases-examples/&cttype=s&syspar=/opt/ABCD/www/bases-examples/par/syspar.par
**Friday 19th of December 2014 08:32:41 AM Operador: abcd
/central/dataentry/inicio_base.php /opt/ABCD/www/htdocs/central/dataentry/wxis/administrar.xis IsisScript=/opt/ABCD/www/htdocs/central/dataentry/wxis/administrar.xis&base=marc&cipar=/opt/ABCD/www/bases-examples/par/marc.par&Opcion=status&path_db=/opt/ABCD/www/bases-examples/&cttype=s&syspar=/opt/ABCD/www/bases-examples/par/syspar.par
**Friday 19th of December 2014 08:32:49 AM Operador: abcd
/central/dataentry/inicio_base.php /opt/ABCD/www/htdocs/central/dataentry/wxis/administrar.xis IsisScript=/opt/ABCD/www/htdocs/central/dataentry/wxis/administrar.xis&base=discovery&cipar=/opt/ABCD/www/bases-examples/par/discovery.par&Opcion=status&path_db=/opt/ABCD/www/bases-examples/&cttype=s&syspar=/opt/ABCD/www/bases-examples/par/syspar.par
**Friday 19th of December 2014 08:32:51 AM Operador: abcd
/central/dataentry/inicio_base.php /opt/ABCD/www/htdocs/central/dataentry/wxis/administrar.xis IsisScript=/opt/ABCD/www/htdocs/central/dataentry/wxis/administrar.xis&base=marc&cipar=/opt/ABCD/www/bases-examples/par/marc.par&Opcion=status&path_db=/opt/ABCD/www/bases-examples/&cttype=s&syspar=/opt/ABCD/www/bases-examples/par/syspar.par
**Friday 19th of December 2014 08:32:58 AM Operador: abcd
/central/dataentry/fmt.php /opt/ABCD/www/htdocs/central/dataentry/wxis/buscar.xis IsisScript=/opt/ABCD/www/htdocs/central/dataentry/wxis/buscar.xis&cipar=/opt/ABCD/www/bases-examples/par/marc.par&Mfn=1&Opcion=ver&base=marc&Formato=/opt/ABCD/www/bases-examples/marc/pfts/en/admarc&path_db=/opt/ABCD/www/bases-examples/&cttype=s&syspar=/opt/ABCD/www/bases-examples/par/syspar.par
**Friday 19th of December 2014 12:52:24 PM Operador: abcd
/central/dataentry/inicio_main.php /opt/ABCD/www/htdocs/central/dataentry/wxis/login.xis IsisScript=/opt/ABCD/www/htdocs/central/dataentry/wxis/login.xis&base=acces&cipar=/opt/ABCD/www/bases-examples/par/acces.par&login=abcd&password=adm&path_db=/opt/ABCD/www/bases-examples/&cttype=s&syspar=/opt/ABCD/www/bases-examples/par/syspar.par
**Friday 19th of December 2014 12:52:24 PM Operador: abcd
/central/dataentry/inicio_base.php /opt/ABCD/www/htdocs/central/dataentry/wxis/administrar.xis IsisScript=/opt/ABCD/www/htdocs/central/dataentry/wxis/administrar.xis&base=experts&cipar=/opt/ABCD/www/bases-examples/par/experts.par&Opcion=status&path_db=/opt/ABCD/www/bases-examples/&cttype=s&syspar=/opt/ABCD/www/bases-examples/par/syspar.par
**Friday 19th of December 2014 02:11:05 PM Operador: abcd
/central/dataentry/inicio_main.php /opt/ABCD/www/htdocs/central/dataentry/wxis/login.xis IsisScript=/opt/ABCD/www/htdocs/central/dataentry/wxis/login.xis&base=acces&cipar=/opt/ABCD/www/bases-examples/par/acces.par&login=abcd&password=adm&path_db=/opt/ABCD/www/bases-examples/&cttype=s&syspar=/opt/ABCD/www/bases-examples/par/syspar.par
**Friday 19th of December 2014 02:11:05 PM Operador: abcd
/central/dataentry/inicio_base.php /opt/ABCD/www/htdocs/central/dataentry/wxis/administrar.xis IsisScript=/opt/ABCD/www/htdocs/central/dataentry/wxis/administrar.xis&base=projects&cipar=/opt/ABCD/www/bases-examples/par/projects.par&Opcion=status&path_db=/opt/ABCD/www/bases-examples/&cttype=s&syspar=/opt/ABCD/www/bases-examples/par/syspar.par
**Friday 19th of December 2014 02:11:11 PM Operador: abcd
/central/dataentry/inicio_base.php /opt/ABCD/www/htdocs/central/dataentry/wxis/administrar.xis IsisScript=/opt/ABCD/www/htdocs/central/dataentry/wxis/administrar.xis&base=experts&cipar=/opt/ABCD/www/bases-examples/par/experts.par&Opcion=status&path_db=/opt/ABCD/www/bases-examples/&cttype=s&syspar=/opt/ABCD/www/bases-examples/par/syspar.par
