10:26:33.699 INFO   [main] org.mortbay.log.LogImpl.add(LogImpl.java:109) >22> added org.mortbay.log.OutputStreamLogSink@213b8493
10:26:33.699 INFO   [main] org.mortbay.http.HttpServer.doStart(HttpServer.java:684) >10> Version Jetty/5.1.11
10:26:33.904 INFO   [main] org.mortbay.util.Container.start(Container.java:74) >15> Started org.mortbay.jetty.servlet.WebApplicationHandler@4de8b404
10:26:33.930 INFO   [main] org.mortbay.util.Container.start(Container.java:74) >11> Started WebApplicationContext[/empweb,Empweb GUI in JSP]
10:26:33.930 WARN!! [main] org.mortbay.util.ThreadedServer.start(ThreadedServer.java:518) >12> Failed to start: SocketListener2@0.0.0.0:8080
10:26:33.930 WARN!! [main] org.mortbay.jetty.Server.main(Server.java:465) >08> EXCEPTION 
org.mortbay.util.MultiException[java.net.BindException: Address already in use]
	at org.mortbay.http.HttpServer.doStart(HttpServer.java:686)
	at org.mortbay.util.Container.start(Container.java:72)
	at org.mortbay.jetty.Server.main(Server.java:460)
	at sun.reflect.NativeMethodAccessorImpl.invoke0(Native Method)
	at sun.reflect.NativeMethodAccessorImpl.invoke(NativeMethodAccessorImpl.java:57)
	at sun.reflect.DelegatingMethodAccessorImpl.invoke(DelegatingMethodAccessorImpl.java:43)
	at java.lang.reflect.Method.invoke(Method.java:606)
	at org.mortbay.start.Main.invokeMain(Main.java:151)
	at org.mortbay.start.Main.start(Main.java:476)
	at org.mortbay.start.Main.main(Main.java:94)
java.net.BindException: Address already in use
	at java.net.PlainSocketImpl.socketBind(Native Method)
	at java.net.AbstractPlainSocketImpl.bind(AbstractPlainSocketImpl.java:376)
	at java.net.ServerSocket.bind(ServerSocket.java:376)
	at java.net.ServerSocket.<init>(ServerSocket.java:237)
	at org.mortbay.util.ThreadedServer.newServerSocket(ThreadedServer.java:391)
	at org.mortbay.util.ThreadedServer.open(ThreadedServer.java:477)
	at org.mortbay.util.ThreadedServer.start(ThreadedServer.java:503)
	at org.mortbay.http.SocketListener.start(SocketListener.java:204)
	at org.mortbay.http.HttpServer.doStart(HttpServer.java:716)
	at org.mortbay.util.Container.start(Container.java:72)
	at org.mortbay.jetty.Server.main(Server.java:460)
	at sun.reflect.NativeMethodAccessorImpl.invoke0(Native Method)
	at sun.reflect.NativeMethodAccessorImpl.invoke(NativeMethodAccessorImpl.java:57)
	at sun.reflect.DelegatingMethodAccessorImpl.invoke(DelegatingMethodAccessorImpl.java:43)
	at java.lang.reflect.Method.invoke(Method.java:606)
	at org.mortbay.start.Main.invokeMain(Main.java:151)
	at org.mortbay.start.Main.start(Main.java:476)
	at org.mortbay.start.Main.main(Main.java:94)
[0]=java.net.BindException: Address already in use
	at java.net.PlainSocketImpl.socketBind(Native Method)
	at java.net.AbstractPlainSocketImpl.bind(AbstractPlainSocketImpl.java:376)
	at java.net.ServerSocket.bind(ServerSocket.java:376)
	at java.net.ServerSocket.<init>(ServerSocket.java:237)
	at org.mortbay.util.ThreadedServer.newServerSocket(ThreadedServer.java:391)
	at org.mortbay.util.ThreadedServer.open(ThreadedServer.java:477)
	at org.mortbay.util.ThreadedServer.start(ThreadedServer.java:503)
	at org.mortbay.http.SocketListener.start(SocketListener.java:204)
	at org.mortbay.http.HttpServer.doStart(HttpServer.java:716)
	at org.mortbay.util.Container.start(Container.java:72)
	at org.mortbay.jetty.Server.main(Server.java:460)
	at sun.reflect.NativeMethodAccessorImpl.invoke0(Native Method)
	at sun.reflect.NativeMethodAccessorImpl.invoke(NativeMethodAccessorImpl.java:57)
	at sun.reflect.DelegatingMethodAccessorImpl.invoke(DelegatingMethodAccessorImpl.java:43)
	at java.lang.reflect.Method.invoke(Method.java:606)
	at org.mortbay.start.Main.invokeMain(Main.java:151)
	at org.mortbay.start.Main.start(Main.java:476)
	at org.mortbay.start.Main.main(Main.java:94)

10:28:13.966 INFO   [main] org.mortbay.log.LogImpl.add(LogImpl.java:109) >22> added org.mortbay.log.OutputStreamLogSink@4a7cdff0
10:28:13.966 INFO   [main] org.mortbay.http.HttpServer.doStart(HttpServer.java:684) >10> Version Jetty/5.1.11
10:28:14.124 INFO   [main] org.mortbay.util.Container.start(Container.java:74) >15> Started org.mortbay.jetty.servlet.WebApplicationHandler@68829a91
10:28:14.137 INFO   [main] org.mortbay.util.Container.start(Container.java:74) >11> Started WebApplicationContext[/empweb,Empweb GUI in JSP]
10:28:14.138 INFO   [main] org.mortbay.http.SocketListener.start(SocketListener.java:205) >11> Started SocketListener on 0.0.0.0:8080
10:28:14.138 INFO   [main] org.mortbay.util.Container.start(Container.java:74) >09> Started org.mortbay.jetty.Server@4e01331b
10:29:29.273 INFO   [Shutdown] org.mortbay.jetty.Server$ShutdownHookThread.run(Server.java:555) >01> Shutdown hook executing
10:29:29.273 INFO   [Acceptor ServerSocket[addr=0.0.0.0/0.0.0.0,localport=8085]] org.mortbay.util.ThreadedServer$Acceptor.run(ThreadedServer.java:659) >01> Stopping Acceptor ServerSocket[addr=0.0.0.0/0.0.0.0,localport=8085]
10:29:29.375 INFO   [Shutdown] org.mortbay.http.SocketListener.stop(SocketListener.java:213) >04> Stopped SocketListener on 0.0.0.0:8085
10:29:29.375 INFO   [Shutdown] org.mortbay.util.Container.stop(Container.java:156) >09> Stopped org.mortbay.jetty.servlet.WebApplicationHandler@588b28e0
10:29:29.445 INFO   [Shutdown] org.mortbay.util.Container.stop(Container.java:156) >05> Stopped WebApplicationContext[/ewdbws,EmpWeb Database Web Services]
10:29:29.445 INFO   [Shutdown] org.mortbay.util.Container.stop(Container.java:156) >02> Stopped org.mortbay.jetty.Server@7a7683b1
10:29:29.446 INFO   [Shutdown] org.mortbay.jetty.Server$ShutdownHookThread.run(Server.java:565) >01> Shutdown hook complete
10:29:30.446 INFO   [Shutdown] org.mortbay.jetty.Server$ShutdownHookThread.run(Server.java:565) >01> Shutdown hook complete
10:29:33.348 INFO   [main] org.mortbay.log.LogImpl.add(LogImpl.java:109) >22> added org.mortbay.log.OutputStreamLogSink@213b8493
10:29:33.348 INFO   [main] org.mortbay.http.HttpServer.doStart(HttpServer.java:684) >10> Version Jetty/5.1.11
10:29:33.508 INFO   [main] org.mortbay.util.Container.start(Container.java:74) >15> Started org.mortbay.jetty.servlet.WebApplicationHandler@4de8b404
10:29:33.520 INFO   [main] org.mortbay.util.Container.start(Container.java:74) >11> Started WebApplicationContext[/empweb,Empweb GUI in JSP]
10:29:33.521 INFO   [main] org.mortbay.http.SocketListener.start(SocketListener.java:205) >11> Started SocketListener on 0.0.0.0:8080
10:29:33.521 INFO   [main] org.mortbay.util.Container.start(Container.java:74) >09> Started org.mortbay.jetty.Server@4e01331b
13:01:47.921 WARN!! [SocketListener2-2] org.mortbay.jetty.servlet.ServletHandler.handle(ServletHandler.java:577) >11> EXCEPTION 
javax.servlet.ServletException: org.apache.tools.ant.util.FileUtils.getFileUtils()Lorg/apache/tools/ant/util/FileUtils;
	at org.apache.jasper.servlet.JspServlet.service(JspServlet.java:244)
	at javax.servlet.http.HttpServlet.service(HttpServlet.java:689)
	at org.mortbay.jetty.servlet.ServletHolder.handle(ServletHolder.java:428)
	at org.mortbay.jetty.servlet.WebApplicationHandler$CachedChain.doFilter(WebApplicationHandler.java:830)
	at net.kalio.empweb.gui.AccessControlFilter.doFilter(AccessControlFilter.java:120)
	at org.mortbay.jetty.servlet.WebApplicationHandler$CachedChain.doFilter(WebApplicationHandler.java:821)
	at org.mortbay.jetty.servlet.WebApplicationHandler.dispatch(WebApplicationHandler.java:471)
	at org.mortbay.jetty.servlet.ServletHandler.handle(ServletHandler.java:568)
	at org.mortbay.http.HttpContext.handle(HttpContext.java:1530)
	at org.mortbay.jetty.servlet.WebApplicationContext.handle(WebApplicationContext.java:633)
	at org.mortbay.http.HttpContext.handle(HttpContext.java:1482)
	at org.mortbay.http.HttpServer.service(HttpServer.java:909)
	at org.mortbay.http.HttpConnection.service(HttpConnection.java:820)
	at org.mortbay.http.HttpConnection.handleNext(HttpConnection.java:986)
	at org.mortbay.http.HttpConnection.handle(HttpConnection.java:837)
	at org.mortbay.http.SocketListener.handleConnection(SocketListener.java:245)
	at org.mortbay.util.ThreadedServer.handle(ThreadedServer.java:357)
	at org.mortbay.util.ThreadPool$PoolThread.run(ThreadPool.java:534)
getRootCause():
java.lang.NoSuchMethodError: org.apache.tools.ant.util.FileUtils.getFileUtils()Lorg/apache/tools/ant/util/FileUtils;
	at org.apache.tools.ant.taskdefs.optional.ReplaceRegExp.<clinit>(ReplaceRegExp.java:127)
	at java.lang.Class.forName0(Native Method)
	at java.lang.Class.forName(Class.java:190)
	at org.apache.tools.ant.AntTypeDefinition.getTypeClass(AntTypeDefinition.java:161)
	at org.apache.tools.ant.AntTypeDefinition.getExposedClass(AntTypeDefinition.java:135)
	at org.apache.tools.ant.ComponentHelper$AntTypeTable.getExposedClass(ComponentHelper.java:837)
	at org.apache.tools.ant.ComponentHelper.getDataTypeDefinitions(ComponentHelper.java:365)
	at org.apache.tools.ant.Project.getDataTypeDefinitions(Project.java:942)
	at org.apache.tools.ant.types.AbstractFileSet.getDataTypeName(AbstractFileSet.java:309)
	at org.apache.tools.ant.types.AbstractFileSet.setupDirectoryScanner(AbstractFileSet.java:374)
	at org.apache.tools.ant.types.AbstractFileSet.getDirectoryScanner(AbstractFileSet.java:350)
	at org.apache.tools.ant.taskdefs.MatchingTask.getDirectoryScanner(MatchingTask.java:186)
	at org.apache.tools.ant.taskdefs.Javac.execute(Javac.java:752)
	at org.apache.jasper.compiler.Compiler.generateClass(Compiler.java:382)
	at org.apache.jasper.compiler.Compiler.compile(Compiler.java:472)
	at org.apache.jasper.compiler.Compiler.compile(Compiler.java:451)
	at org.apache.jasper.compiler.Compiler.compile(Compiler.java:439)
	at org.apache.jasper.JspCompilationContext.compile(JspCompilationContext.java:511)
	at org.apache.jasper.servlet.JspServletWrapper.service(JspServletWrapper.java:295)
	at org.apache.jasper.servlet.JspServlet.serviceJspFile(JspServlet.java:292)
	at org.apache.jasper.servlet.JspServlet.service(JspServlet.java:236)
	at javax.servlet.http.HttpServlet.service(HttpServlet.java:689)
	at org.mortbay.jetty.servlet.ServletHolder.handle(ServletHolder.java:428)
	at org.mortbay.jetty.servlet.WebApplicationHandler$CachedChain.doFilter(WebApplicationHandler.java:830)
	at net.kalio.empweb.gui.AccessControlFilter.doFilter(AccessControlFilter.java:120)
	at org.mortbay.jetty.servlet.WebApplicationHandler$CachedChain.doFilter(WebApplicationHandler.java:821)
	at org.mortbay.jetty.servlet.WebApplicationHandler.dispatch(WebApplicationHandler.java:471)
	at org.mortbay.jetty.servlet.ServletHandler.handle(ServletHandler.java:568)
	at org.mortbay.http.HttpContext.handle(HttpContext.java:1530)
	at org.mortbay.jetty.servlet.WebApplicationContext.handle(WebApplicationContext.java:633)
	at org.mortbay.http.HttpContext.handle(HttpContext.java:1482)
	at org.mortbay.http.HttpServer.service(HttpServer.java:909)
	at org.mortbay.http.HttpConnection.service(HttpConnection.java:820)
	at org.mortbay.http.HttpConnection.handleNext(HttpConnection.java:986)
	at org.mortbay.http.HttpConnection.handle(HttpConnection.java:837)
	at org.mortbay.http.SocketListener.handleConnection(SocketListener.java:245)
	at org.mortbay.util.ThreadedServer.handle(ThreadedServer.java:357)
	at org.mortbay.util.ThreadPool$PoolThread.run(ThreadPool.java:534)

13:01:47.923 WARN!! [SocketListener2-2] org.mortbay.jetty.servlet.ServletHandler.handle(ServletHandler.java:595) >11> /empweb/admin/policies/index.jsp: 
java.lang.NoSuchMethodError: org.apache.tools.ant.util.FileUtils.getFileUtils()Lorg/apache/tools/ant/util/FileUtils;
	at org.apache.tools.ant.taskdefs.optional.ReplaceRegExp.<clinit>(ReplaceRegExp.java:127)
	at java.lang.Class.forName0(Native Method)
	at java.lang.Class.forName(Class.java:190)
	at org.apache.tools.ant.AntTypeDefinition.getTypeClass(AntTypeDefinition.java:161)
	at org.apache.tools.ant.AntTypeDefinition.getExposedClass(AntTypeDefinition.java:135)
	at org.apache.tools.ant.ComponentHelper$AntTypeTable.getExposedClass(ComponentHelper.java:837)
	at org.apache.tools.ant.ComponentHelper.getDataTypeDefinitions(ComponentHelper.java:365)
	at org.apache.tools.ant.Project.getDataTypeDefinitions(Project.java:942)
	at org.apache.tools.ant.types.AbstractFileSet.getDataTypeName(AbstractFileSet.java:309)
	at org.apache.tools.ant.types.AbstractFileSet.setupDirectoryScanner(AbstractFileSet.java:374)
	at org.apache.tools.ant.types.AbstractFileSet.getDirectoryScanner(AbstractFileSet.java:350)
	at org.apache.tools.ant.taskdefs.MatchingTask.getDirectoryScanner(MatchingTask.java:186)
	at org.apache.tools.ant.taskdefs.Javac.execute(Javac.java:752)
	at org.apache.jasper.compiler.Compiler.generateClass(Compiler.java:382)
	at org.apache.jasper.compiler.Compiler.compile(Compiler.java:472)
	at org.apache.jasper.compiler.Compiler.compile(Compiler.java:451)
	at org.apache.jasper.compiler.Compiler.compile(Compiler.java:439)
	at org.apache.jasper.JspCompilationContext.compile(JspCompilationContext.java:511)
	at org.apache.jasper.servlet.JspServletWrapper.service(JspServletWrapper.java:295)
	at org.apache.jasper.servlet.JspServlet.serviceJspFile(JspServlet.java:292)
	at org.apache.jasper.servlet.JspServlet.service(JspServlet.java:236)
	at javax.servlet.http.HttpServlet.service(HttpServlet.java:689)
	at org.mortbay.jetty.servlet.ServletHolder.handle(ServletHolder.java:428)
	at org.mortbay.jetty.servlet.WebApplicationHandler$CachedChain.doFilter(WebApplicationHandler.java:830)
	at net.kalio.empweb.gui.AccessControlFilter.doFilter(AccessControlFilter.java:120)
	at org.mortbay.jetty.servlet.WebApplicationHandler$CachedChain.doFilter(WebApplicationHandler.java:821)
	at org.mortbay.jetty.servlet.WebApplicationHandler.dispatch(WebApplicationHandler.java:471)
	at org.mortbay.jetty.servlet.ServletHandler.handle(ServletHandler.java:568)
	at org.mortbay.http.HttpContext.handle(HttpContext.java:1530)
	at org.mortbay.jetty.servlet.WebApplicationContext.handle(WebApplicationContext.java:633)
	at org.mortbay.http.HttpContext.handle(HttpContext.java:1482)
	at org.mortbay.http.HttpServer.service(HttpServer.java:909)
	at org.mortbay.http.HttpConnection.service(HttpConnection.java:820)
	at org.mortbay.http.HttpConnection.handleNext(HttpConnection.java:986)
	at org.mortbay.http.HttpConnection.handle(HttpConnection.java:837)
	at org.mortbay.http.SocketListener.handleConnection(SocketListener.java:245)
	at org.mortbay.util.ThreadedServer.handle(ThreadedServer.java:357)
	at org.mortbay.util.ThreadPool$PoolThread.run(ThreadPool.java:534)

13:02:04.247 WARN!! [SocketListener2-2] org.mortbay.jetty.servlet.ServletHandler.handle(ServletHandler.java:577) >11> EXCEPTION 
javax.servlet.ServletException: org.apache.tools.ant.util.FileUtils.getFileUtils()Lorg/apache/tools/ant/util/FileUtils;
	at org.apache.jasper.servlet.JspServlet.service(JspServlet.java:244)
	at javax.servlet.http.HttpServlet.service(HttpServlet.java:689)
	at org.mortbay.jetty.servlet.ServletHolder.handle(ServletHolder.java:428)
	at org.mortbay.jetty.servlet.WebApplicationHandler$CachedChain.doFilter(WebApplicationHandler.java:830)
	at net.kalio.empweb.gui.AccessControlFilter.doFilter(AccessControlFilter.java:120)
	at org.mortbay.jetty.servlet.WebApplicationHandler$CachedChain.doFilter(WebApplicationHandler.java:821)
	at org.mortbay.jetty.servlet.WebApplicationHandler.dispatch(WebApplicationHandler.java:471)
	at org.mortbay.jetty.servlet.ServletHandler.handle(ServletHandler.java:568)
	at org.mortbay.http.HttpContext.handle(HttpContext.java:1530)
	at org.mortbay.jetty.servlet.WebApplicationContext.handle(WebApplicationContext.java:633)
	at org.mortbay.http.HttpContext.handle(HttpContext.java:1482)
	at org.mortbay.http.HttpServer.service(HttpServer.java:909)
	at org.mortbay.http.HttpConnection.service(HttpConnection.java:820)
	at org.mortbay.http.HttpConnection.handleNext(HttpConnection.java:986)
	at org.mortbay.http.HttpConnection.handle(HttpConnection.java:837)
	at org.mortbay.http.SocketListener.handleConnection(SocketListener.java:245)
	at org.mortbay.util.ThreadedServer.handle(ThreadedServer.java:357)
	at org.mortbay.util.ThreadPool$PoolThread.run(ThreadPool.java:534)
getRootCause():
java.lang.NoSuchMethodError: org.apache.tools.ant.util.FileUtils.getFileUtils()Lorg/apache/tools/ant/util/FileUtils;
	at org.apache.tools.ant.taskdefs.optional.i18n.Translate.<clinit>(Translate.java:149)
	at java.lang.Class.forName0(Native Method)
	at java.lang.Class.forName(Class.java:190)
	at org.apache.tools.ant.AntTypeDefinition.getTypeClass(AntTypeDefinition.java:161)
	at org.apache.tools.ant.AntTypeDefinition.getExposedClass(AntTypeDefinition.java:135)
	at org.apache.tools.ant.ComponentHelper$AntTypeTable.getExposedClass(ComponentHelper.java:837)
	at org.apache.tools.ant.ComponentHelper.getDataTypeDefinitions(ComponentHelper.java:365)
	at org.apache.tools.ant.Project.getDataTypeDefinitions(Project.java:942)
	at org.apache.tools.ant.types.AbstractFileSet.getDataTypeName(AbstractFileSet.java:309)
	at org.apache.tools.ant.types.AbstractFileSet.setupDirectoryScanner(AbstractFileSet.java:374)
	at org.apache.tools.ant.types.AbstractFileSet.getDirectoryScanner(AbstractFileSet.java:350)
	at org.apache.tools.ant.taskdefs.MatchingTask.getDirectoryScanner(MatchingTask.java:186)
	at org.apache.tools.ant.taskdefs.Javac.execute(Javac.java:752)
	at org.apache.jasper.compiler.Compiler.generateClass(Compiler.java:382)
	at org.apache.jasper.compiler.Compiler.compile(Compiler.java:472)
	at org.apache.jasper.compiler.Compiler.compile(Compiler.java:451)
	at org.apache.jasper.compiler.Compiler.compile(Compiler.java:439)
	at org.apache.jasper.JspCompilationContext.compile(JspCompilationContext.java:511)
	at org.apache.jasper.servlet.JspServletWrapper.service(JspServletWrapper.java:295)
	at org.apache.jasper.servlet.JspServlet.serviceJspFile(JspServlet.java:292)
	at org.apache.jasper.servlet.JspServlet.service(JspServlet.java:236)
	at javax.servlet.http.HttpServlet.service(HttpServlet.java:689)
	at org.mortbay.jetty.servlet.ServletHolder.handle(ServletHolder.java:428)
	at org.mortbay.jetty.servlet.WebApplicationHandler$CachedChain.doFilter(WebApplicationHandler.java:830)
	at net.kalio.empweb.gui.AccessControlFilter.doFilter(AccessControlFilter.java:120)
	at org.mortbay.jetty.servlet.WebApplicationHandler$CachedChain.doFilter(WebApplicationHandler.java:821)
	at org.mortbay.jetty.servlet.WebApplicationHandler.dispatch(WebApplicationHandler.java:471)
	at org.mortbay.jetty.servlet.ServletHandler.handle(ServletHandler.java:568)
	at org.mortbay.http.HttpContext.handle(HttpContext.java:1530)
	at org.mortbay.jetty.servlet.WebApplicationContext.handle(WebApplicationContext.java:633)
	at org.mortbay.http.HttpContext.handle(HttpContext.java:1482)
	at org.mortbay.http.HttpServer.service(HttpServer.java:909)
	at org.mortbay.http.HttpConnection.service(HttpConnection.java:820)
	at org.mortbay.http.HttpConnection.handleNext(HttpConnection.java:986)
	at org.mortbay.http.HttpConnection.handle(HttpConnection.java:837)
	at org.mortbay.http.SocketListener.handleConnection(SocketListener.java:245)
	at org.mortbay.util.ThreadedServer.handle(ThreadedServer.java:357)
	at org.mortbay.util.ThreadPool$PoolThread.run(ThreadPool.java:534)

13:02:04.249 WARN!! [SocketListener2-2] org.mortbay.jetty.servlet.ServletHandler.handle(ServletHandler.java:595) >11> /empweb/home/index.jsp: 
java.lang.NoSuchMethodError: org.apache.tools.ant.util.FileUtils.getFileUtils()Lorg/apache/tools/ant/util/FileUtils;
	at org.apache.tools.ant.taskdefs.optional.i18n.Translate.<clinit>(Translate.java:149)
	at java.lang.Class.forName0(Native Method)
	at java.lang.Class.forName(Class.java:190)
	at org.apache.tools.ant.AntTypeDefinition.getTypeClass(AntTypeDefinition.java:161)
	at org.apache.tools.ant.AntTypeDefinition.getExposedClass(AntTypeDefinition.java:135)
	at org.apache.tools.ant.ComponentHelper$AntTypeTable.getExposedClass(ComponentHelper.java:837)
	at org.apache.tools.ant.ComponentHelper.getDataTypeDefinitions(ComponentHelper.java:365)
	at org.apache.tools.ant.Project.getDataTypeDefinitions(Project.java:942)
	at org.apache.tools.ant.types.AbstractFileSet.getDataTypeName(AbstractFileSet.java:309)
	at org.apache.tools.ant.types.AbstractFileSet.setupDirectoryScanner(AbstractFileSet.java:374)
	at org.apache.tools.ant.types.AbstractFileSet.getDirectoryScanner(AbstractFileSet.java:350)
	at org.apache.tools.ant.taskdefs.MatchingTask.getDirectoryScanner(MatchingTask.java:186)
	at org.apache.tools.ant.taskdefs.Javac.execute(Javac.java:752)
	at org.apache.jasper.compiler.Compiler.generateClass(Compiler.java:382)
	at org.apache.jasper.compiler.Compiler.compile(Compiler.java:472)
	at org.apache.jasper.compiler.Compiler.compile(Compiler.java:451)
	at org.apache.jasper.compiler.Compiler.compile(Compiler.java:439)
	at org.apache.jasper.JspCompilationContext.compile(JspCompilationContext.java:511)
	at org.apache.jasper.servlet.JspServletWrapper.service(JspServletWrapper.java:295)
	at org.apache.jasper.servlet.JspServlet.serviceJspFile(JspServlet.java:292)
	at org.apache.jasper.servlet.JspServlet.service(JspServlet.java:236)
	at javax.servlet.http.HttpServlet.service(HttpServlet.java:689)
	at org.mortbay.jetty.servlet.ServletHolder.handle(ServletHolder.java:428)
	at org.mortbay.jetty.servlet.WebApplicationHandler$CachedChain.doFilter(WebApplicationHandler.java:830)
	at net.kalio.empweb.gui.AccessControlFilter.doFilter(AccessControlFilter.java:120)
	at org.mortbay.jetty.servlet.WebApplicationHandler$CachedChain.doFilter(WebApplicationHandler.java:821)
	at org.mortbay.jetty.servlet.WebApplicationHandler.dispatch(WebApplicationHandler.java:471)
	at org.mortbay.jetty.servlet.ServletHandler.handle(ServletHandler.java:568)
	at org.mortbay.http.HttpContext.handle(HttpContext.java:1530)
	at org.mortbay.jetty.servlet.WebApplicationContext.handle(WebApplicationContext.java:633)
	at org.mortbay.http.HttpContext.handle(HttpContext.java:1482)
	at org.mortbay.http.HttpServer.service(HttpServer.java:909)
	at org.mortbay.http.HttpConnection.service(HttpConnection.java:820)
	at org.mortbay.http.HttpConnection.handleNext(HttpConnection.java:986)
	at org.mortbay.http.HttpConnection.handle(HttpConnection.java:837)
	at org.mortbay.http.SocketListener.handleConnection(SocketListener.java:245)
	at org.mortbay.util.ThreadedServer.handle(ThreadedServer.java:357)
	at org.mortbay.util.ThreadPool$PoolThread.run(ThreadPool.java:534)

13:03:17.384 WARN!! [SocketListener2-2] org.mortbay.jetty.servlet.ServletHandler.handle(ServletHandler.java:577) >11> EXCEPTION 
javax.servlet.ServletException: org.apache.tools.ant.util.FileUtils.getFileUtils()Lorg/apache/tools/ant/util/FileUtils;
	at org.apache.jasper.servlet.JspServlet.service(JspServlet.java:244)
	at javax.servlet.http.HttpServlet.service(HttpServlet.java:689)
	at org.mortbay.jetty.servlet.ServletHolder.handle(ServletHolder.java:428)
	at org.mortbay.jetty.servlet.WebApplicationHandler.dispatch(WebApplicationHandler.java:473)
	at org.mortbay.jetty.servlet.Dispatcher.dispatch(Dispatcher.java:286)
	at org.mortbay.jetty.servlet.Dispatcher.include(Dispatcher.java:163)
	at org.apache.jasper.runtime.JspRuntimeLibrary.include(JspRuntimeLibrary.java:966)
	at org.apache.jsp.login_jsp._jspService(login_jsp.java:193)
	at org.apache.jasper.runtime.HttpJspBase.service(HttpJspBase.java:94)
	at javax.servlet.http.HttpServlet.service(HttpServlet.java:689)
	at org.apache.jasper.servlet.JspServletWrapper.service(JspServletWrapper.java:324)
	at org.apache.jasper.servlet.JspServlet.serviceJspFile(JspServlet.java:292)
	at org.apache.jasper.servlet.JspServlet.service(JspServlet.java:236)
	at javax.servlet.http.HttpServlet.service(HttpServlet.java:689)
	at org.mortbay.jetty.servlet.ServletHolder.handle(ServletHolder.java:428)
	at org.mortbay.jetty.servlet.WebApplicationHandler.dispatch(WebApplicationHandler.java:473)
	at org.mortbay.jetty.servlet.Dispatcher.dispatch(Dispatcher.java:286)
	at org.mortbay.jetty.servlet.Dispatcher.forward(Dispatcher.java:171)
	at org.mortbay.jetty.servlet.Default.handleGet(Default.java:302)
	at org.mortbay.jetty.servlet.Default.service(Default.java:223)
	at javax.servlet.http.HttpServlet.service(HttpServlet.java:689)
	at org.mortbay.jetty.servlet.ServletHolder.handle(ServletHolder.java:428)
	at org.mortbay.jetty.servlet.WebApplicationHandler.dispatch(WebApplicationHandler.java:473)
	at org.mortbay.jetty.servlet.ServletHandler.handle(ServletHandler.java:568)
	at org.mortbay.http.HttpContext.handle(HttpContext.java:1530)
	at org.mortbay.jetty.servlet.WebApplicationContext.handle(WebApplicationContext.java:633)
	at org.mortbay.http.HttpContext.handle(HttpContext.java:1482)
	at org.mortbay.http.HttpServer.service(HttpServer.java:909)
	at org.mortbay.http.HttpConnection.service(HttpConnection.java:820)
	at org.mortbay.http.HttpConnection.handleNext(HttpConnection.java:986)
	at org.mortbay.http.HttpConnection.handle(HttpConnection.java:837)
	at org.mortbay.http.SocketListener.handleConnection(SocketListener.java:245)
	at org.mortbay.util.ThreadedServer.handle(ThreadedServer.java:357)
	at org.mortbay.util.ThreadPool$PoolThread.run(ThreadPool.java:534)
getRootCause():
java.lang.NoSuchMethodError: org.apache.tools.ant.util.FileUtils.getFileUtils()Lorg/apache/tools/ant/util/FileUtils;
	at org.apache.tools.ant.taskdefs.optional.XMLValidateTask.<clinit>(XMLValidateTask.java:62)
	at java.lang.Class.forName0(Native Method)
	at java.lang.Class.forName(Class.java:190)
	at org.apache.tools.ant.AntTypeDefinition.getTypeClass(AntTypeDefinition.java:161)
	at org.apache.tools.ant.AntTypeDefinition.getExposedClass(AntTypeDefinition.java:135)
	at org.apache.tools.ant.ComponentHelper$AntTypeTable.getExposedClass(ComponentHelper.java:837)
	at org.apache.tools.ant.ComponentHelper.getDataTypeDefinitions(ComponentHelper.java:365)
	at org.apache.tools.ant.Project.getDataTypeDefinitions(Project.java:942)
	at org.apache.tools.ant.types.AbstractFileSet.getDataTypeName(AbstractFileSet.java:309)
	at org.apache.tools.ant.types.AbstractFileSet.setupDirectoryScanner(AbstractFileSet.java:374)
	at org.apache.tools.ant.types.AbstractFileSet.getDirectoryScanner(AbstractFileSet.java:350)
	at org.apache.tools.ant.taskdefs.MatchingTask.getDirectoryScanner(MatchingTask.java:186)
	at org.apache.tools.ant.taskdefs.Javac.execute(Javac.java:752)
	at org.apache.jasper.compiler.Compiler.generateClass(Compiler.java:382)
	at org.apache.jasper.compiler.Compiler.compile(Compiler.java:472)
	at org.apache.jasper.compiler.Compiler.compile(Compiler.java:451)
	at org.apache.jasper.compiler.Compiler.compile(Compiler.java:439)
	at org.apache.jasper.JspCompilationContext.compile(JspCompilationContext.java:511)
	at org.apache.jasper.servlet.JspServletWrapper.service(JspServletWrapper.java:295)
	at org.apache.jasper.servlet.JspServlet.serviceJspFile(JspServlet.java:292)
	at org.apache.jasper.servlet.JspServlet.service(JspServlet.java:236)
	at javax.servlet.http.HttpServlet.service(HttpServlet.java:689)
	at org.mortbay.jetty.servlet.ServletHolder.handle(ServletHolder.java:428)
	at org.mortbay.jetty.servlet.WebApplicationHandler.dispatch(WebApplicationHandler.java:473)
	at org.mortbay.jetty.servlet.Dispatcher.dispatch(Dispatcher.java:286)
	at org.mortbay.jetty.servlet.Dispatcher.include(Dispatcher.java:163)
	at org.apache.jasper.runtime.JspRuntimeLibrary.include(JspRuntimeLibrary.java:966)
	at org.apache.jsp.login_jsp._jspService(login_jsp.java:193)
	at org.apache.jasper.runtime.HttpJspBase.service(HttpJspBase.java:94)
	at javax.servlet.http.HttpServlet.service(HttpServlet.java:689)
	at org.apache.jasper.servlet.JspServletWrapper.service(JspServletWrapper.java:324)
	at org.apache.jasper.servlet.JspServlet.serviceJspFile(JspServlet.java:292)
	at org.apache.jasper.servlet.JspServlet.service(JspServlet.java:236)
	at javax.servlet.http.HttpServlet.service(HttpServlet.java:689)
	at org.mortbay.jetty.servlet.ServletHolder.handle(ServletHolder.java:428)
	at org.mortbay.jetty.servlet.WebApplicationHandler.dispatch(WebApplicationHandler.java:473)
	at org.mortbay.jetty.servlet.Dispatcher.dispatch(Dispatcher.java:286)
	at org.mortbay.jetty.servlet.Dispatcher.forward(Dispatcher.java:171)
	at org.mortbay.jetty.servlet.Default.handleGet(Default.java:302)
	at org.mortbay.jetty.servlet.Default.service(Default.java:223)
	at javax.servlet.http.HttpServlet.service(HttpServlet.java:689)
	at org.mortbay.jetty.servlet.ServletHolder.handle(ServletHolder.java:428)
	at org.mortbay.jetty.servlet.WebApplicationHandler.dispatch(WebApplicationHandler.java:473)
	at org.mortbay.jetty.servlet.ServletHandler.handle(ServletHandler.java:568)
	at org.mortbay.http.HttpContext.handle(HttpContext.java:1530)
	at org.mortbay.jetty.servlet.WebApplicationContext.handle(WebApplicationContext.java:633)
	at org.mortbay.http.HttpContext.handle(HttpContext.java:1482)
	at org.mortbay.http.HttpServer.service(HttpServer.java:909)
	at org.mortbay.http.HttpConnection.service(HttpConnection.java:820)
	at org.mortbay.http.HttpConnection.handleNext(HttpConnection.java:986)
	at org.mortbay.http.HttpConnection.handle(HttpConnection.java:837)
	at org.mortbay.http.SocketListener.handleConnection(SocketListener.java:245)
	at org.mortbay.util.ThreadedServer.handle(ThreadedServer.java:357)
	at org.mortbay.util.ThreadPool$PoolThread.run(ThreadPool.java:534)

13:03:17.385 WARN!! [SocketListener2-2] org.mortbay.jetty.servlet.ServletHandler.handle(ServletHandler.java:595) >11> /empweb/: 
java.lang.NoSuchMethodError: org.apache.tools.ant.util.FileUtils.getFileUtils()Lorg/apache/tools/ant/util/FileUtils;
	at org.apache.tools.ant.taskdefs.optional.XMLValidateTask.<clinit>(XMLValidateTask.java:62)
	at java.lang.Class.forName0(Native Method)
	at java.lang.Class.forName(Class.java:190)
	at org.apache.tools.ant.AntTypeDefinition.getTypeClass(AntTypeDefinition.java:161)
	at org.apache.tools.ant.AntTypeDefinition.getExposedClass(AntTypeDefinition.java:135)
	at org.apache.tools.ant.ComponentHelper$AntTypeTable.getExposedClass(ComponentHelper.java:837)
	at org.apache.tools.ant.ComponentHelper.getDataTypeDefinitions(ComponentHelper.java:365)
	at org.apache.tools.ant.Project.getDataTypeDefinitions(Project.java:942)
	at org.apache.tools.ant.types.AbstractFileSet.getDataTypeName(AbstractFileSet.java:309)
	at org.apache.tools.ant.types.AbstractFileSet.setupDirectoryScanner(AbstractFileSet.java:374)
	at org.apache.tools.ant.types.AbstractFileSet.getDirectoryScanner(AbstractFileSet.java:350)
	at org.apache.tools.ant.taskdefs.MatchingTask.getDirectoryScanner(MatchingTask.java:186)
	at org.apache.tools.ant.taskdefs.Javac.execute(Javac.java:752)
	at org.apache.jasper.compiler.Compiler.generateClass(Compiler.java:382)
	at org.apache.jasper.compiler.Compiler.compile(Compiler.java:472)
	at org.apache.jasper.compiler.Compiler.compile(Compiler.java:451)
	at org.apache.jasper.compiler.Compiler.compile(Compiler.java:439)
	at org.apache.jasper.JspCompilationContext.compile(JspCompilationContext.java:511)
	at org.apache.jasper.servlet.JspServletWrapper.service(JspServletWrapper.java:295)
	at org.apache.jasper.servlet.JspServlet.serviceJspFile(JspServlet.java:292)
	at org.apache.jasper.servlet.JspServlet.service(JspServlet.java:236)
	at javax.servlet.http.HttpServlet.service(HttpServlet.java:689)
	at org.mortbay.jetty.servlet.ServletHolder.handle(ServletHolder.java:428)
	at org.mortbay.jetty.servlet.WebApplicationHandler.dispatch(WebApplicationHandler.java:473)
	at org.mortbay.jetty.servlet.Dispatcher.dispatch(Dispatcher.java:286)
	at org.mortbay.jetty.servlet.Dispatcher.include(Dispatcher.java:163)
	at org.apache.jasper.runtime.JspRuntimeLibrary.include(JspRuntimeLibrary.java:966)
	at org.apache.jsp.login_jsp._jspService(login_jsp.java:193)
	at org.apache.jasper.runtime.HttpJspBase.service(HttpJspBase.java:94)
	at javax.servlet.http.HttpServlet.service(HttpServlet.java:689)
	at org.apache.jasper.servlet.JspServletWrapper.service(JspServletWrapper.java:324)
	at org.apache.jasper.servlet.JspServlet.serviceJspFile(JspServlet.java:292)
	at org.apache.jasper.servlet.JspServlet.service(JspServlet.java:236)
	at javax.servlet.http.HttpServlet.service(HttpServlet.java:689)
	at org.mortbay.jetty.servlet.ServletHolder.handle(ServletHolder.java:428)
	at org.mortbay.jetty.servlet.WebApplicationHandler.dispatch(WebApplicationHandler.java:473)
	at org.mortbay.jetty.servlet.Dispatcher.dispatch(Dispatcher.java:286)
	at org.mortbay.jetty.servlet.Dispatcher.forward(Dispatcher.java:171)
	at org.mortbay.jetty.servlet.Default.handleGet(Default.java:302)
	at org.mortbay.jetty.servlet.Default.service(Default.java:223)
	at javax.servlet.http.HttpServlet.service(HttpServlet.java:689)
	at org.mortbay.jetty.servlet.ServletHolder.handle(ServletHolder.java:428)
	at org.mortbay.jetty.servlet.WebApplicationHandler.dispatch(WebApplicationHandler.java:473)
	at org.mortbay.jetty.servlet.ServletHandler.handle(ServletHandler.java:568)
	at org.mortbay.http.HttpContext.handle(HttpContext.java:1530)
	at org.mortbay.jetty.servlet.WebApplicationContext.handle(WebApplicationContext.java:633)
	at org.mortbay.http.HttpContext.handle(HttpContext.java:1482)
	at org.mortbay.http.HttpServer.service(HttpServer.java:909)
	at org.mortbay.http.HttpConnection.service(HttpConnection.java:820)
	at org.mortbay.http.HttpConnection.handleNext(HttpConnection.java:986)
	at org.mortbay.http.HttpConnection.handle(HttpConnection.java:837)
	at org.mortbay.http.SocketListener.handleConnection(SocketListener.java:245)
	at org.mortbay.util.ThreadedServer.handle(ThreadedServer.java:357)
	at org.mortbay.util.ThreadPool$PoolThread.run(ThreadPool.java:534)

13:03:55.079 WARN!! [SocketListener2-2] org.mortbay.jetty.servlet.ServletHandler.handle(ServletHandler.java:577) >11> EXCEPTION 
javax.servlet.ServletException: org.apache.tools.ant.util.FileUtils.getFileUtils()Lorg/apache/tools/ant/util/FileUtils;
	at org.apache.jasper.servlet.JspServlet.service(JspServlet.java:244)
	at javax.servlet.http.HttpServlet.service(HttpServlet.java:689)
	at org.mortbay.jetty.servlet.ServletHolder.handle(ServletHolder.java:428)
	at org.mortbay.jetty.servlet.WebApplicationHandler.dispatch(WebApplicationHandler.java:473)
	at org.mortbay.jetty.servlet.Dispatcher.dispatch(Dispatcher.java:286)
	at org.mortbay.jetty.servlet.Dispatcher.include(Dispatcher.java:163)
	at org.apache.jasper.runtime.JspRuntimeLibrary.include(JspRuntimeLibrary.java:966)
	at org.apache.jsp.login_jsp._jspService(login_jsp.java:193)
	at org.apache.jasper.runtime.HttpJspBase.service(HttpJspBase.java:94)
	at javax.servlet.http.HttpServlet.service(HttpServlet.java:689)
	at org.apache.jasper.servlet.JspServletWrapper.service(JspServletWrapper.java:324)
	at org.apache.jasper.servlet.JspServlet.serviceJspFile(JspServlet.java:292)
	at org.apache.jasper.servlet.JspServlet.service(JspServlet.java:236)
	at javax.servlet.http.HttpServlet.service(HttpServlet.java:689)
	at org.mortbay.jetty.servlet.ServletHolder.handle(ServletHolder.java:428)
	at org.mortbay.jetty.servlet.WebApplicationHandler.dispatch(WebApplicationHandler.java:473)
	at org.mortbay.jetty.servlet.Dispatcher.dispatch(Dispatcher.java:286)
	at org.mortbay.jetty.servlet.Dispatcher.forward(Dispatcher.java:171)
	at org.mortbay.jetty.servlet.Default.handleGet(Default.java:302)
	at org.mortbay.jetty.servlet.Default.service(Default.java:223)
	at javax.servlet.http.HttpServlet.service(HttpServlet.java:689)
	at org.mortbay.jetty.servlet.ServletHolder.handle(ServletHolder.java:428)
	at org.mortbay.jetty.servlet.WebApplicationHandler.dispatch(WebApplicationHandler.java:473)
	at org.mortbay.jetty.servlet.ServletHandler.handle(ServletHandler.java:568)
	at org.mortbay.http.HttpContext.handle(HttpContext.java:1530)
	at org.mortbay.jetty.servlet.WebApplicationContext.handle(WebApplicationContext.java:633)
	at org.mortbay.http.HttpContext.handle(HttpContext.java:1482)
	at org.mortbay.http.HttpServer.service(HttpServer.java:909)
	at org.mortbay.http.HttpConnection.service(HttpConnection.java:820)
	at org.mortbay.http.HttpConnection.handleNext(HttpConnection.java:986)
	at org.mortbay.http.HttpConnection.handle(HttpConnection.java:837)
	at org.mortbay.http.SocketListener.handleConnection(SocketListener.java:245)
	at org.mortbay.util.ThreadedServer.handle(ThreadedServer.java:357)
	at org.mortbay.util.ThreadPool$PoolThread.run(ThreadPool.java:534)
getRootCause():
java.lang.NoSuchMethodError: org.apache.tools.ant.util.FileUtils.getFileUtils()Lorg/apache/tools/ant/util/FileUtils;
	at org.apache.tools.ant.taskdefs.optional.Cab.<clinit>(Cab.java:59)
	at java.lang.Class.forName0(Native Method)
	at java.lang.Class.forName(Class.java:190)
	at org.apache.tools.ant.AntTypeDefinition.getTypeClass(AntTypeDefinition.java:161)
	at org.apache.tools.ant.AntTypeDefinition.getExposedClass(AntTypeDefinition.java:135)
	at org.apache.tools.ant.ComponentHelper$AntTypeTable.getExposedClass(ComponentHelper.java:837)
	at org.apache.tools.ant.ComponentHelper.getDataTypeDefinitions(ComponentHelper.java:365)
	at org.apache.tools.ant.Project.getDataTypeDefinitions(Project.java:942)
	at org.apache.tools.ant.types.AbstractFileSet.getDataTypeName(AbstractFileSet.java:309)
	at org.apache.tools.ant.types.AbstractFileSet.setupDirectoryScanner(AbstractFileSet.java:374)
	at org.apache.tools.ant.types.AbstractFileSet.getDirectoryScanner(AbstractFileSet.java:350)
	at org.apache.tools.ant.taskdefs.MatchingTask.getDirectoryScanner(MatchingTask.java:186)
	at org.apache.tools.ant.taskdefs.Javac.execute(Javac.java:752)
	at org.apache.jasper.compiler.Compiler.generateClass(Compiler.java:382)
	at org.apache.jasper.compiler.Compiler.compile(Compiler.java:472)
	at org.apache.jasper.compiler.Compiler.compile(Compiler.java:451)
	at org.apache.jasper.compiler.Compiler.compile(Compiler.java:439)
	at org.apache.jasper.JspCompilationContext.compile(JspCompilationContext.java:511)
	at org.apache.jasper.servlet.JspServletWrapper.service(JspServletWrapper.java:295)
	at org.apache.jasper.servlet.JspServlet.serviceJspFile(JspServlet.java:292)
	at org.apache.jasper.servlet.JspServlet.service(JspServlet.java:236)
	at javax.servlet.http.HttpServlet.service(HttpServlet.java:689)
	at org.mortbay.jetty.servlet.ServletHolder.handle(ServletHolder.java:428)
	at org.mortbay.jetty.servlet.WebApplicationHandler.dispatch(WebApplicationHandler.java:473)
	at org.mortbay.jetty.servlet.Dispatcher.dispatch(Dispatcher.java:286)
	at org.mortbay.jetty.servlet.Dispatcher.include(Dispatcher.java:163)
	at org.apache.jasper.runtime.JspRuntimeLibrary.include(JspRuntimeLibrary.java:966)
	at org.apache.jsp.login_jsp._jspService(login_jsp.java:193)
	at org.apache.jasper.runtime.HttpJspBase.service(HttpJspBase.java:94)
	at javax.servlet.http.HttpServlet.service(HttpServlet.java:689)
	at org.apache.jasper.servlet.JspServletWrapper.service(JspServletWrapper.java:324)
	at org.apache.jasper.servlet.JspServlet.serviceJspFile(JspServlet.java:292)
	at org.apache.jasper.servlet.JspServlet.service(JspServlet.java:236)
	at javax.servlet.http.HttpServlet.service(HttpServlet.java:689)
	at org.mortbay.jetty.servlet.ServletHolder.handle(ServletHolder.java:428)
	at org.mortbay.jetty.servlet.WebApplicationHandler.dispatch(WebApplicationHandler.java:473)
	at org.mortbay.jetty.servlet.Dispatcher.dispatch(Dispatcher.java:286)
	at org.mortbay.jetty.servlet.Dispatcher.forward(Dispatcher.java:171)
	at org.mortbay.jetty.servlet.Default.handleGet(Default.java:302)
	at org.mortbay.jetty.servlet.Default.service(Default.java:223)
	at javax.servlet.http.HttpServlet.service(HttpServlet.java:689)
	at org.mortbay.jetty.servlet.ServletHolder.handle(ServletHolder.java:428)
	at org.mortbay.jetty.servlet.WebApplicationHandler.dispatch(WebApplicationHandler.java:473)
	at org.mortbay.jetty.servlet.ServletHandler.handle(ServletHandler.java:568)
	at org.mortbay.http.HttpContext.handle(HttpContext.java:1530)
	at org.mortbay.jetty.servlet.WebApplicationContext.handle(WebApplicationContext.java:633)
	at org.mortbay.http.HttpContext.handle(HttpContext.java:1482)
	at org.mortbay.http.HttpServer.service(HttpServer.java:909)
	at org.mortbay.http.HttpConnection.service(HttpConnection.java:820)
	at org.mortbay.http.HttpConnection.handleNext(HttpConnection.java:986)
	at org.mortbay.http.HttpConnection.handle(HttpConnection.java:837)
	at org.mortbay.http.SocketListener.handleConnection(SocketListener.java:245)
	at org.mortbay.util.ThreadedServer.handle(ThreadedServer.java:357)
	at org.mortbay.util.ThreadPool$PoolThread.run(ThreadPool.java:534)

13:03:55.080 WARN!! [SocketListener2-2] org.mortbay.jetty.servlet.ServletHandler.handle(ServletHandler.java:595) >11> /empweb/: 
java.lang.NoSuchMethodError: org.apache.tools.ant.util.FileUtils.getFileUtils()Lorg/apache/tools/ant/util/FileUtils;
	at org.apache.tools.ant.taskdefs.optional.Cab.<clinit>(Cab.java:59)
	at java.lang.Class.forName0(Native Method)
	at java.lang.Class.forName(Class.java:190)
	at org.apache.tools.ant.AntTypeDefinition.getTypeClass(AntTypeDefinition.java:161)
	at org.apache.tools.ant.AntTypeDefinition.getExposedClass(AntTypeDefinition.java:135)
	at org.apache.tools.ant.ComponentHelper$AntTypeTable.getExposedClass(ComponentHelper.java:837)
	at org.apache.tools.ant.ComponentHelper.getDataTypeDefinitions(ComponentHelper.java:365)
	at org.apache.tools.ant.Project.getDataTypeDefinitions(Project.java:942)
	at org.apache.tools.ant.types.AbstractFileSet.getDataTypeName(AbstractFileSet.java:309)
	at org.apache.tools.ant.types.AbstractFileSet.setupDirectoryScanner(AbstractFileSet.java:374)
	at org.apache.tools.ant.types.AbstractFileSet.getDirectoryScanner(AbstractFileSet.java:350)
	at org.apache.tools.ant.taskdefs.MatchingTask.getDirectoryScanner(MatchingTask.java:186)
	at org.apache.tools.ant.taskdefs.Javac.execute(Javac.java:752)
	at org.apache.jasper.compiler.Compiler.generateClass(Compiler.java:382)
	at org.apache.jasper.compiler.Compiler.compile(Compiler.java:472)
	at org.apache.jasper.compiler.Compiler.compile(Compiler.java:451)
	at org.apache.jasper.compiler.Compiler.compile(Compiler.java:439)
	at org.apache.jasper.JspCompilationContext.compile(JspCompilationContext.java:511)
	at org.apache.jasper.servlet.JspServletWrapper.service(JspServletWrapper.java:295)
	at org.apache.jasper.servlet.JspServlet.serviceJspFile(JspServlet.java:292)
	at org.apache.jasper.servlet.JspServlet.service(JspServlet.java:236)
	at javax.servlet.http.HttpServlet.service(HttpServlet.java:689)
	at org.mortbay.jetty.servlet.ServletHolder.handle(ServletHolder.java:428)
	at org.mortbay.jetty.servlet.WebApplicationHandler.dispatch(WebApplicationHandler.java:473)
	at org.mortbay.jetty.servlet.Dispatcher.dispatch(Dispatcher.java:286)
	at org.mortbay.jetty.servlet.Dispatcher.include(Dispatcher.java:163)
	at org.apache.jasper.runtime.JspRuntimeLibrary.include(JspRuntimeLibrary.java:966)
	at org.apache.jsp.login_jsp._jspService(login_jsp.java:193)
	at org.apache.jasper.runtime.HttpJspBase.service(HttpJspBase.java:94)
	at javax.servlet.http.HttpServlet.service(HttpServlet.java:689)
	at org.apache.jasper.servlet.JspServletWrapper.service(JspServletWrapper.java:324)
	at org.apache.jasper.servlet.JspServlet.serviceJspFile(JspServlet.java:292)
	at org.apache.jasper.servlet.JspServlet.service(JspServlet.java:236)
	at javax.servlet.http.HttpServlet.service(HttpServlet.java:689)
	at org.mortbay.jetty.servlet.ServletHolder.handle(ServletHolder.java:428)
	at org.mortbay.jetty.servlet.WebApplicationHandler.dispatch(WebApplicationHandler.java:473)
	at org.mortbay.jetty.servlet.Dispatcher.dispatch(Dispatcher.java:286)
	at org.mortbay.jetty.servlet.Dispatcher.forward(Dispatcher.java:171)
	at org.mortbay.jetty.servlet.Default.handleGet(Default.java:302)
	at org.mortbay.jetty.servlet.Default.service(Default.java:223)
	at javax.servlet.http.HttpServlet.service(HttpServlet.java:689)
	at org.mortbay.jetty.servlet.ServletHolder.handle(ServletHolder.java:428)
	at org.mortbay.jetty.servlet.WebApplicationHandler.dispatch(WebApplicationHandler.java:473)
	at org.mortbay.jetty.servlet.ServletHandler.handle(ServletHandler.java:568)
	at org.mortbay.http.HttpContext.handle(HttpContext.java:1530)
	at org.mortbay.jetty.servlet.WebApplicationContext.handle(WebApplicationContext.java:633)
	at org.mortbay.http.HttpContext.handle(HttpContext.java:1482)
	at org.mortbay.http.HttpServer.service(HttpServer.java:909)
	at org.mortbay.http.HttpConnection.service(HttpConnection.java:820)
	at org.mortbay.http.HttpConnection.handleNext(HttpConnection.java:986)
	at org.mortbay.http.HttpConnection.handle(HttpConnection.java:837)
	at org.mortbay.http.SocketListener.handleConnection(SocketListener.java:245)
	at org.mortbay.util.ThreadedServer.handle(ThreadedServer.java:357)
	at org.mortbay.util.ThreadPool$PoolThread.run(ThreadPool.java:534)

13:22:27.247 WARN!! [SocketListener2-2] org.mortbay.jetty.servlet.ServletHandler.handle(ServletHandler.java:577) >11> EXCEPTION 
javax.servlet.ServletException: org.apache.tools.ant.util.FileUtils.getFileUtils()Lorg/apache/tools/ant/util/FileUtils;
	at org.apache.jasper.servlet.JspServlet.service(JspServlet.java:244)
	at javax.servlet.http.HttpServlet.service(HttpServlet.java:689)
	at org.mortbay.jetty.servlet.ServletHolder.handle(ServletHolder.java:428)
	at org.mortbay.jetty.servlet.WebApplicationHandler.dispatch(WebApplicationHandler.java:473)
	at org.mortbay.jetty.servlet.Dispatcher.dispatch(Dispatcher.java:286)
	at org.mortbay.jetty.servlet.Dispatcher.include(Dispatcher.java:163)
	at org.apache.jasper.runtime.JspRuntimeLibrary.include(JspRuntimeLibrary.java:966)
	at org.apache.jsp.login_jsp._jspService(login_jsp.java:193)
	at org.apache.jasper.runtime.HttpJspBase.service(HttpJspBase.java:94)
	at javax.servlet.http.HttpServlet.service(HttpServlet.java:689)
	at org.apache.jasper.servlet.JspServletWrapper.service(JspServletWrapper.java:324)
	at org.apache.jasper.servlet.JspServlet.serviceJspFile(JspServlet.java:292)
	at org.apache.jasper.servlet.JspServlet.service(JspServlet.java:236)
	at javax.servlet.http.HttpServlet.service(HttpServlet.java:689)
	at org.mortbay.jetty.servlet.ServletHolder.handle(ServletHolder.java:428)
	at org.mortbay.jetty.servlet.WebApplicationHandler.dispatch(WebApplicationHandler.java:473)
	at org.mortbay.jetty.servlet.Dispatcher.dispatch(Dispatcher.java:286)
	at org.mortbay.jetty.servlet.Dispatcher.forward(Dispatcher.java:171)
	at org.mortbay.jetty.servlet.Default.handleGet(Default.java:302)
	at org.mortbay.jetty.servlet.Default.service(Default.java:223)
	at javax.servlet.http.HttpServlet.service(HttpServlet.java:689)
	at org.mortbay.jetty.servlet.ServletHolder.handle(ServletHolder.java:428)
	at org.mortbay.jetty.servlet.WebApplicationHandler.dispatch(WebApplicationHandler.java:473)
	at org.mortbay.jetty.servlet.ServletHandler.handle(ServletHandler.java:568)
	at org.mortbay.http.HttpContext.handle(HttpContext.java:1530)
	at org.mortbay.jetty.servlet.WebApplicationContext.handle(WebApplicationContext.java:633)
	at org.mortbay.http.HttpContext.handle(HttpContext.java:1482)
	at org.mortbay.http.HttpServer.service(HttpServer.java:909)
	at org.mortbay.http.HttpConnection.service(HttpConnection.java:820)
	at org.mortbay.http.HttpConnection.handleNext(HttpConnection.java:986)
	at org.mortbay.http.HttpConnection.handle(HttpConnection.java:837)
	at org.mortbay.http.SocketListener.handleConnection(SocketListener.java:245)
	at org.mortbay.util.ThreadedServer.handle(ThreadedServer.java:357)
	at org.mortbay.util.ThreadPool$PoolThread.run(ThreadPool.java:534)
getRootCause():
java.lang.NoSuchMethodError: org.apache.tools.ant.util.FileUtils.getFileUtils()Lorg/apache/tools/ant/util/FileUtils;
	at org.apache.tools.ant.taskdefs.optional.unix.Symlink.<clinit>(Symlink.java:117)
	at java.lang.Class.forName0(Native Method)
	at java.lang.Class.forName(Class.java:190)
	at org.apache.tools.ant.AntTypeDefinition.getTypeClass(AntTypeDefinition.java:161)
	at org.apache.tools.ant.AntTypeDefinition.getExposedClass(AntTypeDefinition.java:135)
	at org.apache.tools.ant.ComponentHelper$AntTypeTable.getExposedClass(ComponentHelper.java:837)
	at org.apache.tools.ant.ComponentHelper.getDataTypeDefinitions(ComponentHelper.java:365)
	at org.apache.tools.ant.Project.getDataTypeDefinitions(Project.java:942)
	at org.apache.tools.ant.types.AbstractFileSet.getDataTypeName(AbstractFileSet.java:309)
	at org.apache.tools.ant.types.AbstractFileSet.setupDirectoryScanner(AbstractFileSet.java:374)
	at org.apache.tools.ant.types.AbstractFileSet.getDirectoryScanner(AbstractFileSet.java:350)
	at org.apache.tools.ant.taskdefs.MatchingTask.getDirectoryScanner(MatchingTask.java:186)
	at org.apache.tools.ant.taskdefs.Javac.execute(Javac.java:752)
	at org.apache.jasper.compiler.Compiler.generateClass(Compiler.java:382)
	at org.apache.jasper.compiler.Compiler.compile(Compiler.java:472)
	at org.apache.jasper.compiler.Compiler.compile(Compiler.java:451)
	at org.apache.jasper.compiler.Compiler.compile(Compiler.java:439)
	at org.apache.jasper.JspCompilationContext.compile(JspCompilationContext.java:511)
	at org.apache.jasper.servlet.JspServletWrapper.service(JspServletWrapper.java:295)
	at org.apache.jasper.servlet.JspServlet.serviceJspFile(JspServlet.java:292)
	at org.apache.jasper.servlet.JspServlet.service(JspServlet.java:236)
	at javax.servlet.http.HttpServlet.service(HttpServlet.java:689)
	at org.mortbay.jetty.servlet.ServletHolder.handle(ServletHolder.java:428)
	at org.mortbay.jetty.servlet.WebApplicationHandler.dispatch(WebApplicationHandler.java:473)
	at org.mortbay.jetty.servlet.Dispatcher.dispatch(Dispatcher.java:286)
	at org.mortbay.jetty.servlet.Dispatcher.include(Dispatcher.java:163)
	at org.apache.jasper.runtime.JspRuntimeLibrary.include(JspRuntimeLibrary.java:966)
	at org.apache.jsp.login_jsp._jspService(login_jsp.java:193)
	at org.apache.jasper.runtime.HttpJspBase.service(HttpJspBase.java:94)
	at javax.servlet.http.HttpServlet.service(HttpServlet.java:689)
	at org.apache.jasper.servlet.JspServletWrapper.service(JspServletWrapper.java:324)
	at org.apache.jasper.servlet.JspServlet.serviceJspFile(JspServlet.java:292)
	at org.apache.jasper.servlet.JspServlet.service(JspServlet.java:236)
	at javax.servlet.http.HttpServlet.service(HttpServlet.java:689)
	at org.mortbay.jetty.servlet.ServletHolder.handle(ServletHolder.java:428)
	at org.mortbay.jetty.servlet.WebApplicationHandler.dispatch(WebApplicationHandler.java:473)
	at org.mortbay.jetty.servlet.Dispatcher.dispatch(Dispatcher.java:286)
	at org.mortbay.jetty.servlet.Dispatcher.forward(Dispatcher.java:171)
	at org.mortbay.jetty.servlet.Default.handleGet(Default.java:302)
	at org.mortbay.jetty.servlet.Default.service(Default.java:223)
	at javax.servlet.http.HttpServlet.service(HttpServlet.java:689)
	at org.mortbay.jetty.servlet.ServletHolder.handle(ServletHolder.java:428)
	at org.mortbay.jetty.servlet.WebApplicationHandler.dispatch(WebApplicationHandler.java:473)
	at org.mortbay.jetty.servlet.ServletHandler.handle(ServletHandler.java:568)
	at org.mortbay.http.HttpContext.handle(HttpContext.java:1530)
	at org.mortbay.jetty.servlet.WebApplicationContext.handle(WebApplicationContext.java:633)
	at org.mortbay.http.HttpContext.handle(HttpContext.java:1482)
	at org.mortbay.http.HttpServer.service(HttpServer.java:909)
	at org.mortbay.http.HttpConnection.service(HttpConnection.java:820)
	at org.mortbay.http.HttpConnection.handleNext(HttpConnection.java:986)
	at org.mortbay.http.HttpConnection.handle(HttpConnection.java:837)
	at org.mortbay.http.SocketListener.handleConnection(SocketListener.java:245)
	at org.mortbay.util.ThreadedServer.handle(ThreadedServer.java:357)
	at org.mortbay.util.ThreadPool$PoolThread.run(ThreadPool.java:534)

12:22:27.248 WARN!! [SocketListener2-2] org.mortbay.jetty.servlet.ServletHandler.handle(ServletHandler.java:595) >11> /empweb/: 
java.lang.NoSuchMethodError: org.apache.tools.ant.util.FileUtils.getFileUtils()Lorg/apache/tools/ant/util/FileUtils;
	at org.apache.tools.ant.taskdefs.optional.unix.Symlink.<clinit>(Symlink.java:117)
	at java.lang.Class.forName0(Native Method)
	at java.lang.Class.forName(Class.java:190)
	at org.apache.tools.ant.AntTypeDefinition.getTypeClass(AntTypeDefinition.java:161)
	at org.apache.tools.ant.AntTypeDefinition.getExposedClass(AntTypeDefinition.java:135)
	at org.apache.tools.ant.ComponentHelper$AntTypeTable.getExposedClass(ComponentHelper.java:837)
	at org.apache.tools.ant.ComponentHelper.getDataTypeDefinitions(ComponentHelper.java:365)
	at org.apache.tools.ant.Project.getDataTypeDefinitions(Project.java:942)
	at org.apache.tools.ant.types.AbstractFileSet.getDataTypeName(AbstractFileSet.java:309)
	at org.apache.tools.ant.types.AbstractFileSet.setupDirectoryScanner(AbstractFileSet.java:374)
	at org.apache.tools.ant.types.AbstractFileSet.getDirectoryScanner(AbstractFileSet.java:350)
	at org.apache.tools.ant.taskdefs.MatchingTask.getDirectoryScanner(MatchingTask.java:186)
	at org.apache.tools.ant.taskdefs.Javac.execute(Javac.java:752)
	at org.apache.jasper.compiler.Compiler.generateClass(Compiler.java:382)
	at org.apache.jasper.compiler.Compiler.compile(Compiler.java:472)
	at org.apache.jasper.compiler.Compiler.compile(Compiler.java:451)
	at org.apache.jasper.compiler.Compiler.compile(Compiler.java:439)
	at org.apache.jasper.JspCompilationContext.compile(JspCompilationContext.java:511)
	at org.apache.jasper.servlet.JspServletWrapper.service(JspServletWrapper.java:295)
	at org.apache.jasper.servlet.JspServlet.serviceJspFile(JspServlet.java:292)
	at org.apache.jasper.servlet.JspServlet.service(JspServlet.java:236)
	at javax.servlet.http.HttpServlet.service(HttpServlet.java:689)
	at org.mortbay.jetty.servlet.ServletHolder.handle(ServletHolder.java:428)
	at org.mortbay.jetty.servlet.WebApplicationHandler.dispatch(WebApplicationHandler.java:473)
	at org.mortbay.jetty.servlet.Dispatcher.dispatch(Dispatcher.java:286)
	at org.mortbay.jetty.servlet.Dispatcher.include(Dispatcher.java:163)
	at org.apache.jasper.runtime.JspRuntimeLibrary.include(JspRuntimeLibrary.java:966)
	at org.apache.jsp.login_jsp._jspService(login_jsp.java:193)
	at org.apache.jasper.runtime.HttpJspBase.service(HttpJspBase.java:94)
	at javax.servlet.http.HttpServlet.service(HttpServlet.java:689)
	at org.apache.jasper.servlet.JspServletWrapper.service(JspServletWrapper.java:324)
	at org.apache.jasper.servlet.JspServlet.serviceJspFile(JspServlet.java:292)
	at org.apache.jasper.servlet.JspServlet.service(JspServlet.java:236)
	at javax.servlet.http.HttpServlet.service(HttpServlet.java:689)
	at org.mortbay.jetty.servlet.ServletHolder.handle(ServletHolder.java:428)
	at org.mortbay.jetty.servlet.WebApplicationHandler.dispatch(WebApplicationHandler.java:473)
	at org.mortbay.jetty.servlet.Dispatcher.dispatch(Dispatcher.java:286)
	at org.mortbay.jetty.servlet.Dispatcher.forward(Dispatcher.java:171)
	at org.mortbay.jetty.servlet.Default.handleGet(Default.java:302)
	at org.mortbay.jetty.servlet.Default.service(Default.java:223)
	at javax.servlet.http.HttpServlet.service(HttpServlet.java:689)
	at org.mortbay.jetty.servlet.ServletHolder.handle(ServletHolder.java:428)
	at org.mortbay.jetty.servlet.WebApplicationHandler.dispatch(WebApplicationHandler.java:473)
	at org.mortbay.jetty.servlet.ServletHandler.handle(ServletHandler.java:568)
	at org.mortbay.http.HttpContext.handle(HttpContext.java:1530)
	at org.mortbay.jetty.servlet.WebApplicationContext.handle(WebApplicationContext.java:633)
	at org.mortbay.http.HttpContext.handle(HttpContext.java:1482)
	at org.mortbay.http.HttpServer.service(HttpServer.java:909)
	at org.mortbay.http.HttpConnection.service(HttpConnection.java:820)
	at org.mortbay.http.HttpConnection.handleNext(HttpConnection.java:986)
	at org.mortbay.http.HttpConnection.handle(HttpConnection.java:837)
	at org.mortbay.http.SocketListener.handleConnection(SocketListener.java:245)
	at org.mortbay.util.ThreadedServer.handle(ThreadedServer.java:357)
	at org.mortbay.util.ThreadPool$PoolThread.run(ThreadPool.java:534)

09:00:29.817 INFO   [Rollover] org.mortbay.util.RolloverFileOutputStream.removeOldFiles(RolloverFileOutputStream.java:209) >03> Log age 2014_04_03-dbws-errors.log
09:00:29.818 INFO   [Rollover] org.mortbay.util.RolloverFileOutputStream.removeOldFiles(RolloverFileOutputStream.java:209) >03> Log age 2014_04_06-dbws-errors.log
09:00:29.818 INFO   [Rollover] org.mortbay.util.RolloverFileOutputStream.removeOldFiles(RolloverFileOutputStream.java:209) >03> Log age 2014_04_07-dbws-errors.log
09:00:29.818 INFO   [Rollover] org.mortbay.util.RolloverFileOutputStream.removeOldFiles(RolloverFileOutputStream.java:209) >03> Log age 2014_04_02-dbws-errors.log
09:00:29.818 INFO   [Rollover] org.mortbay.util.RolloverFileOutputStream.removeOldFiles(RolloverFileOutputStream.java:209) >03> Log age 2014_04_17-dbws-errors.log
09:00:29.818 INFO   [Rollover] org.mortbay.util.RolloverFileOutputStream.removeOldFiles(RolloverFileOutputStream.java:209) >03> Log age 2014_04_04-dbws-errors.log
09:00:29.819 INFO   [Rollover] org.mortbay.util.RolloverFileOutputStream.removeOldFiles(RolloverFileOutputStream.java:209) >03> Log age 2014_04_18-dbws-errors.log
09:00:29.819 INFO   [Rollover] org.mortbay.util.RolloverFileOutputStream.removeOldFiles(RolloverFileOutputStream.java:209) >03> Log age 2013_01_05-dbws-errors.log
09:00:29.819 INFO   [Rollover] org.mortbay.util.RolloverFileOutputStream.removeOldFiles(RolloverFileOutputStream.java:209) >03> Log age 2014_04_15-dbws-errors.log
09:00:29.819 INFO   [Rollover] org.mortbay.util.RolloverFileOutputStream.removeOldFiles(RolloverFileOutputStream.java:209) >03> Log age 2014_04_16-dbws-errors.log
09:00:29.819 INFO   [Rollover] org.mortbay.util.RolloverFileOutputStream.removeOldFiles(RolloverFileOutputStream.java:209) >03> Log age 2014_03_28-dbws-errors.log
09:00:29.819 INFO   [Rollover] org.mortbay.util.RolloverFileOutputStream.removeOldFiles(RolloverFileOutputStream.java:209) >03> Log age 2014_03_28-dbws-access.log
09:00:29.819 INFO   [Rollover] org.mortbay.util.RolloverFileOutputStream.removeOldFiles(RolloverFileOutputStream.java:209) >03> Log age 2014_04_15-dbws-access.log
09:00:29.819 INFO   [Rollover] org.mortbay.util.RolloverFileOutputStream.removeOldFiles(RolloverFileOutputStream.java:209) >03> Log age 2014_04_17-dbws-access.log
09:00:29.819 INFO   [Rollover] org.mortbay.util.RolloverFileOutputStream.removeOldFiles(RolloverFileOutputStream.java:209) >03> Log age 2013_01_05-dbws-access.log
09:00:29.820 INFO   [Rollover] org.mortbay.util.RolloverFileOutputStream.removeOldFiles(RolloverFileOutputStream.java:209) >03> Log age 2014_04_18-dbws-access.log
09:00:29.820 INFO   [Rollover] org.mortbay.util.RolloverFileOutputStream.removeOldFiles(RolloverFileOutputStream.java:209) >03> Log age 2014_04_16-dbws-access.log
09:00:29.820 INFO   [Rollover] org.mortbay.util.RolloverFileOutputStream.removeOldFiles(RolloverFileOutputStream.java:209) >03> Log age 2014_04_04-dbws-access.log
09:00:29.820 INFO   [Rollover] org.mortbay.util.RolloverFileOutputStream.removeOldFiles(RolloverFileOutputStream.java:209) >03> Log age 2014_04_06-dbws-access.log
09:00:29.820 INFO   [Rollover] org.mortbay.util.RolloverFileOutputStream.removeOldFiles(RolloverFileOutputStream.java:209) >03> Log age 2014_04_03-dbws-access.log
09:00:29.820 INFO   [Rollover] org.mortbay.util.RolloverFileOutputStream.removeOldFiles(RolloverFileOutputStream.java:209) >03> Log age 2014_04_07-dbws-access.log
09:00:29.820 INFO   [Rollover] org.mortbay.util.RolloverFileOutputStream.removeOldFiles(RolloverFileOutputStream.java:209) >03> Log age 2014_04_02-dbws-access.log
09:00:29.820 INFO   [Rollover] org.mortbay.util.RolloverFileOutputStream.removeOldFiles(RolloverFileOutputStream.java:209) >03> Log age 2014_04_15-engine-access.log
09:00:29.820 INFO   [Rollover] org.mortbay.util.RolloverFileOutputStream.removeOldFiles(RolloverFileOutputStream.java:209) >03> Log age 2014_04_18-engine-access.log
09:00:29.821 INFO   [Rollover] org.mortbay.util.RolloverFileOutputStream.removeOldFiles(RolloverFileOutputStream.java:209) >03> Log age 2014_04_06-engine-access.log
09:00:29.821 INFO   [Rollover] org.mortbay.util.RolloverFileOutputStream.removeOldFiles(RolloverFileOutputStream.java:209) >03> Log age 2014_04_17-engine-access.log
09:00:29.821 INFO   [Rollover] org.mortbay.util.RolloverFileOutputStream.removeOldFiles(RolloverFileOutputStream.java:209) >03> Log age 2014_04_02-engine-access.log
09:00:29.821 INFO   [Rollover] org.mortbay.util.RolloverFileOutputStream.removeOldFiles(RolloverFileOutputStream.java:209) >03> Log age 2014_04_07-engine-access.log
09:00:29.821 INFO   [Rollover] org.mortbay.util.RolloverFileOutputStream.removeOldFiles(RolloverFileOutputStream.java:209) >03> Log age 2014_03_28-engine-access.log
09:00:29.821 INFO   [Rollover] org.mortbay.util.RolloverFileOutputStream.removeOldFiles(RolloverFileOutputStream.java:209) >03> Log age 2014_04_03-engine-access.log
09:00:29.821 INFO   [Rollover] org.mortbay.util.RolloverFileOutputStream.removeOldFiles(RolloverFileOutputStream.java:209) >03> Log age 2014_04_04-engine-access.log
09:00:29.821 INFO   [Rollover] org.mortbay.util.RolloverFileOutputStream.removeOldFiles(RolloverFileOutputStream.java:209) >03> Log age 2014_04_16-engine-access.log
09:00:29.821 INFO   [Rollover] org.mortbay.util.RolloverFileOutputStream.removeOldFiles(RolloverFileOutputStream.java:209) >03> Log age 2013_01_05-engine-access.log
