09:00:29.817 INFO   [Rollover] org.mortbay.util.RolloverFileOutputStream.removeOldFiles(RolloverFileOutputStream.java:209) >03> Log age 2014_04_03-dbws-errors.log
09:00:29.818 INFO   [Rollover] org.mortbay.util.RolloverFileOutputStream.removeOldFiles(RolloverFileOutputStream.java:209) >03> Log age 2014_04_06-dbws-errors.log
09:00:29.818 INFO   [Rollover] org.mortbay.util.RolloverFileOutputStream.removeOldFiles(RolloverFileOutputStream.java:209) >03> Log age 2014_04_07-dbws-errors.log
09:00:29.818 INFO   [Rollover] org.mortbay.util.RolloverFileOutputStream.removeOldFiles(RolloverFileOutputStream.java:209) >03> Log age 2014_04_02-dbws-errors.log
09:00:29.818 INFO   [Rollover] org.mortbay.util.RolloverFileOutputStream.removeOldFiles(RolloverFileOutputStream.java:209) >03> Log age 2014_04_17-dbws-errors.log
09:00:29.818 INFO   [Rollover] org.mortbay.util.RolloverFileOutputStream.removeOldFiles(RolloverFileOutputStream.java:209) >03> Log age 2014_04_04-dbws-errors.log
09:00:29.819 INFO   [Rollover] org.mortbay.util.RolloverFileOutputStream.removeOldFiles(RolloverFileOutputStream.java:209) >03> Log age 2014_04_18-dbws-errors.log
09:00:29.819 INFO   [Rollover] org.mortbay.util.RolloverFileOutputStream.removeOldFiles(RolloverFileOutputStream.java:209) >03> Log age 2013_01_05-dbws-errors.log
09:00:29.819 INFO   [Rollover] org.mortbay.util.RolloverFileOutputStream.removeOldFiles(RolloverFileOutputStream.java:209) >03> Log age 2014_04_15-dbws-errors.log
09:00:29.819 INFO   [Rollover] org.mortbay.util.RolloverFileOutputStream.removeOldFiles(RolloverFileOutputStream.java:209) >03> Log age 2014_04_16-dbws-errors.log
09:00:29.819 INFO   [Rollover] org.mortbay.util.RolloverFileOutputStream.removeOldFiles(RolloverFileOutputStream.java:209) >03> Log age 2014_03_28-dbws-errors.log
09:00:29.819 INFO   [Rollover] org.mortbay.util.RolloverFileOutputStream.removeOldFiles(RolloverFileOutputStream.java:209) >03> Log age 2014_03_28-dbws-access.log
09:00:29.819 INFO   [Rollover] org.mortbay.util.RolloverFileOutputStream.removeOldFiles(RolloverFileOutputStream.java:209) >03> Log age 2014_04_15-dbws-access.log
09:00:29.819 INFO   [Rollover] org.mortbay.util.RolloverFileOutputStream.removeOldFiles(RolloverFileOutputStream.java:209) >03> Log age 2014_04_17-dbws-access.log
09:00:29.819 INFO   [Rollover] org.mortbay.util.RolloverFileOutputStream.removeOldFiles(RolloverFileOutputStream.java:209) >03> Log age 2013_01_05-dbws-access.log
09:00:29.820 INFO   [Rollover] org.mortbay.util.RolloverFileOutputStream.removeOldFiles(RolloverFileOutputStream.java:209) >03> Log age 2014_04_18-dbws-access.log
09:00:29.820 INFO   [Rollover] org.mortbay.util.RolloverFileOutputStream.removeOldFiles(RolloverFileOutputStream.java:209) >03> Log age 2014_04_16-dbws-access.log
09:00:29.820 INFO   [Rollover] org.mortbay.util.RolloverFileOutputStream.removeOldFiles(RolloverFileOutputStream.java:209) >03> Log age 2014_04_04-dbws-access.log
09:00:29.820 INFO   [Rollover] org.mortbay.util.RolloverFileOutputStream.removeOldFiles(RolloverFileOutputStream.java:209) >03> Log age 2014_04_06-dbws-access.log
09:00:29.820 INFO   [Rollover] org.mortbay.util.RolloverFileOutputStream.removeOldFiles(RolloverFileOutputStream.java:209) >03> Log age 2014_04_03-dbws-access.log
09:00:29.820 INFO   [Rollover] org.mortbay.util.RolloverFileOutputStream.removeOldFiles(RolloverFileOutputStream.java:209) >03> Log age 2014_04_07-dbws-access.log
09:00:29.820 INFO   [Rollover] org.mortbay.util.RolloverFileOutputStream.removeOldFiles(RolloverFileOutputStream.java:209) >03> Log age 2014_04_02-dbws-access.log
09:00:29.820 INFO   [Rollover] org.mortbay.util.RolloverFileOutputStream.removeOldFiles(RolloverFileOutputStream.java:209) >03> Log age 2014_04_15-engine-access.log
09:00:29.820 INFO   [Rollover] org.mortbay.util.RolloverFileOutputStream.removeOldFiles(RolloverFileOutputStream.java:209) >03> Log age 2014_04_18-engine-access.log
09:00:29.821 INFO   [Rollover] org.mortbay.util.RolloverFileOutputStream.removeOldFiles(RolloverFileOutputStream.java:209) >03> Log age 2014_04_06-engine-access.log
09:00:29.821 INFO   [Rollover] org.mortbay.util.RolloverFileOutputStream.removeOldFiles(RolloverFileOutputStream.java:209) >03> Log age 2014_04_17-engine-access.log
09:00:29.821 INFO   [Rollover] org.mortbay.util.RolloverFileOutputStream.removeOldFiles(RolloverFileOutputStream.java:209) >03> Log age 2014_04_02-engine-access.log
09:00:29.821 INFO   [Rollover] org.mortbay.util.RolloverFileOutputStream.removeOldFiles(RolloverFileOutputStream.java:209) >03> Log age 2014_04_07-engine-access.log
09:00:29.821 INFO   [Rollover] org.mortbay.util.RolloverFileOutputStream.removeOldFiles(RolloverFileOutputStream.java:209) >03> Log age 2014_03_28-engine-access.log
09:00:29.821 INFO   [Rollover] org.mortbay.util.RolloverFileOutputStream.removeOldFiles(RolloverFileOutputStream.java:209) >03> Log age 2014_04_03-engine-access.log
09:00:29.821 INFO   [Rollover] org.mortbay.util.RolloverFileOutputStream.removeOldFiles(RolloverFileOutputStream.java:209) >03> Log age 2014_04_04-engine-access.log
09:00:29.821 INFO   [Rollover] org.mortbay.util.RolloverFileOutputStream.removeOldFiles(RolloverFileOutputStream.java:209) >03> Log age 2014_04_16-engine-access.log
09:00:29.821 INFO   [Rollover] org.mortbay.util.RolloverFileOutputStream.removeOldFiles(RolloverFileOutputStream.java:209) >03> Log age 2013_01_05-engine-access.log
09:00:29.821 INFO   [Rollover] org.mortbay.util.RolloverFileOutputStream.removeOldFiles(RolloverFileOutputStream.java:209) >03> Log age 2014_04_18-gui-errors.log
09:00:29.822 INFO   [Rollover] org.mortbay.util.RolloverFileOutputStream.removeOldFiles(RolloverFileOutputStream.java:209) >03> Log age 2014_04_17-gui-errors.log
09:00:29.822 INFO   [Rollover] org.mortbay.util.RolloverFileOutputStream.removeOldFiles(RolloverFileOutputStream.java:209) >03> Log age 2013_01_05-gui-errors.log
09:00:29.822 INFO   [Rollover] org.mortbay.util.RolloverFileOutputStream.removeOldFiles(RolloverFileOutputStream.java:209) >03> Log age 2014_04_04-gui-errors.log
09:00:29.822 INFO   [Rollover] org.mortbay.util.RolloverFileOutputStream.removeOldFiles(RolloverFileOutputStream.java:209) >03> Log age 2014_04_15-gui-errors.log
09:00:29.822 INFO   [Rollover] org.mortbay.util.RolloverFileOutputStream.removeOldFiles(RolloverFileOutputStream.java:209) >03> Log age 2014_04_06-gui-errors.log
09:00:29.822 INFO   [Rollover] org.mortbay.util.RolloverFileOutputStream.removeOldFiles(RolloverFileOutputStream.java:209) >03> Log age 2014_03_28-gui-errors.log
09:00:29.822 INFO   [Rollover] org.mortbay.util.RolloverFileOutputStream.removeOldFiles(RolloverFileOutputStream.java:209) >03> Log age 2014_04_16-gui-errors.log
09:00:29.822 INFO   [Rollover] org.mortbay.util.RolloverFileOutputStream.removeOldFiles(RolloverFileOutputStream.java:209) >03> Log age 2014_04_03-gui-errors.log
09:00:29.822 INFO   [Rollover] org.mortbay.util.RolloverFileOutputStream.removeOldFiles(RolloverFileOutputStream.java:209) >03> Log age 2014_04_07-gui-errors.log
09:00:29.822 INFO   [Rollover] org.mortbay.util.RolloverFileOutputStream.removeOldFiles(RolloverFileOutputStream.java:209) >03> Log age 2014_04_02-gui-errors.log
09:00:29.823 INFO   [Rollover] org.mortbay.util.RolloverFileOutputStream.removeOldFiles(RolloverFileOutputStream.java:209) >03> Log age 2014_04_02-gui-access.log
09:00:29.823 INFO   [Rollover] org.mortbay.util.RolloverFileOutputStream.removeOldFiles(RolloverFileOutputStream.java:209) >03> Log age 2014_04_17-gui-access.log
09:00:29.823 INFO   [Rollover] org.mortbay.util.RolloverFileOutputStream.removeOldFiles(RolloverFileOutputStream.java:209) >03> Log age 2014_03_28-gui-access.log
09:00:29.823 INFO   [Rollover] org.mortbay.util.RolloverFileOutputStream.removeOldFiles(RolloverFileOutputStream.java:209) >03> Log age 2014_04_07-gui-access.log
09:00:29.823 INFO   [Rollover] org.mortbay.util.RolloverFileOutputStream.removeOldFiles(RolloverFileOutputStream.java:209) >03> Log age 2013_01_05-gui-access.log
09:00:29.823 INFO   [Rollover] org.mortbay.util.RolloverFileOutputStream.removeOldFiles(RolloverFileOutputStream.java:209) >03> Log age 2014_04_06-gui-access.log
09:00:29.823 INFO   [Rollover] org.mortbay.util.RolloverFileOutputStream.removeOldFiles(RolloverFileOutputStream.java:209) >03> Log age 2014_04_03-gui-access.log
09:00:29.823 INFO   [Rollover] org.mortbay.util.RolloverFileOutputStream.removeOldFiles(RolloverFileOutputStream.java:209) >03> Log age 2014_04_18-gui-access.log
09:00:29.823 INFO   [Rollover] org.mortbay.util.RolloverFileOutputStream.removeOldFiles(RolloverFileOutputStream.java:209) >03> Log age 2014_04_16-gui-access.log
09:00:29.824 INFO   [Rollover] org.mortbay.util.RolloverFileOutputStream.removeOldFiles(RolloverFileOutputStream.java:209) >03> Log age 2014_04_04-gui-access.log
09:00:29.824 INFO   [Rollover] org.mortbay.util.RolloverFileOutputStream.removeOldFiles(RolloverFileOutputStream.java:209) >03> Log age 2014_04_15-gui-access.log
